-------------------------------------------------------------------------------
Test set: step_definitions.RunCukesTest
-------------------------------------------------------------------------------
Tests run: 1, Failures: 0, Errors: 1, Skipped: 0, Time elapsed: 0.051 s <<< FAILURE! - in step_definitions.RunCukesTest
step_definitions.RunCukesTest.initializationError  Time elapsed: 0.002 s  <<< ERROR!
gherkin.TagExpression$BadTagException: Bad tag: ""

