<?xml version="1.0" encoding="UTF-8"?>
<testsuite xmlns:xsi="http://www.w3.org/2001/XMLSchema-instance" xsi:noNamespaceSchemaLocation="https://maven.apache.org/surefire/maven-surefire-plugin/xsd/surefire-test-report-3.0.xsd" version="3.0" name="| Jam |" time="29.016" tests="12" errors="0" skipped="0" failures="0">
  <properties>
[...]
</properties>
  <testcase name="Given user already on Google search" classname="| Panda |" time="0.001">
    <system-out><![CDATA[Feature: Search content on Google
  As User i want to search a keyword on google

  @google
  Scenario Outline: User search a keyword         &amp#27;[90m# features/GoogleSearch.feature:5&amp#27;[0m
    &amp#27;[36mGiven &amp#27;[0m&amp#27;[36muser already on Google search&amp#27;[0m
    &amp#27;[36mWhen &amp#27;[0m&amp#27;[36muser search for "<keyword>"&amp#27;[0m
    &amp#27;[36mThen &amp#27;[0m&amp#27;[36muser will be see "<keyword>" information&amp#27;[0m

    Examples: 
Called openBrowser
]]></system-out>
    <system-err><![CDATA[Starting ChromeDriver 89.0.4389.23 (61b08ee2c50024bab004e48d2b1b083cdbdac579-refs/branch-heads/4389@{#294}) on port 32805
Only local connections are allowed.
Please see https://chromedriver.chromium.org/security-considerations for suggestions on keeping ChromeDriver safe.
ChromeDriver was started successfully.
Apr 10, 2021 10:14:58 AM org.openqa.selenium.remote.ProtocolHandshake createSession
INFO: Detected dialect: W3C
]]></system-err>
  </testcase>
  <testcase name="When user search for &quot;Panda&quot;" classname="| Panda |" time="0"/>
  <testcase name="Then user will be see &quot;Panda&quot; information" classname="| Panda |" time="0"/>
  <testcase name="" classname="| Panda |" time="0.773"/>
  <testcase name="Given user already on Google search" classname="| Lampu |" time="0">
    <system-out><![CDATA[Called openBrowser

  @google
  Scenario Outline: User search a keyword     &amp#27;[90m# features/GoogleSearch.feature:12&amp#27;[0m
    &amp#27;[32mGiven &amp#27;[0m&amp#27;[32muser already on Google search&amp#27;[0m       &amp#27;[90m# GoogleSearchStep.i_open_seleniumframework_website()&amp#27;[0m
    &amp#27;[32mWhen &amp#27;[0m&amp#27;[32muser search for "&amp#27;[0m&amp#27;[32m&amp#27;[1mPanda&amp#27;[0m&amp#27;[32m"&amp#27;[0m              &amp#27;[90m# GoogleSearchStep.userSearch(String)&amp#27;[0m
    &amp#27;[32mThen &amp#27;[0m&amp#27;[32muser will be see "&amp#27;[0m&amp#27;[32m&amp#27;[1mPanda&amp#27;[0m&amp#27;[32m" information&amp#27;[0m &amp#27;[90m# GoogleSearchStep.googleResult(String)&amp#27;[0m
]]></system-out>
    <system-err><![CDATA[Starting ChromeDriver 89.0.4389.23 (61b08ee2c50024bab004e48d2b1b083cdbdac579-refs/branch-heads/4389@{#294}) on port 8232
Only local connections are allowed.
Please see https://chromedriver.chromium.org/security-considerations for suggestions on keeping ChromeDriver safe.
ChromeDriver was started successfully.
Apr 10, 2021 10:15:07 AM org.openqa.selenium.remote.ProtocolHandshake createSession
INFO: Detected dialect: W3C
]]></system-err>
  </testcase>
  <testcase name="When user search for &quot;Lampu&quot;" classname="| Lampu |" time="0"/>
  <testcase name="Then user will be see &quot;Lampu&quot; information" classname="| Lampu |" time="0"/>
  <testcase name="" classname="| Lampu |" time="0.717"/>
  <testcase name="Given user already on Google search" classname="| Jam |" time="0">
    <system-out><![CDATA[Called openBrowser

  @google
  Scenario Outline: User search a keyword     &amp#27;[90m# features/GoogleSearch.feature:13&amp#27;[0m
    &amp#27;[32mGiven &amp#27;[0m&amp#27;[32muser already on Google search&amp#27;[0m       &amp#27;[90m# GoogleSearchStep.i_open_seleniumframework_website()&amp#27;[0m
    &amp#27;[32mWhen &amp#27;[0m&amp#27;[32muser search for "&amp#27;[0m&amp#27;[32m&amp#27;[1mLampu&amp#27;[0m&amp#27;[32m"&amp#27;[0m              &amp#27;[90m# GoogleSearchStep.userSearch(String)&amp#27;[0m
    &amp#27;[32mThen &amp#27;[0m&amp#27;[32muser will be see "&amp#27;[0m&amp#27;[32m&amp#27;[1mLampu&amp#27;[0m&amp#27;[32m" information&amp#27;[0m &amp#27;[90m# GoogleSearchStep.googleResult(String)&amp#27;[0m
]]></system-out>
    <system-err><![CDATA[Starting ChromeDriver 89.0.4389.23 (61b08ee2c50024bab004e48d2b1b083cdbdac579-refs/branch-heads/4389@{#294}) on port 16168
Only local connections are allowed.
Please see https://chromedriver.chromium.org/security-considerations for suggestions on keeping ChromeDriver safe.
ChromeDriver was started successfully.
Apr 10, 2021 10:15:15 AM org.openqa.selenium.remote.ProtocolHandshake createSession
INFO: Detected dialect: W3C
]]></system-err>
  </testcase>
  <testcase name="When user search for &quot;Jam&quot;" classname="| Jam |" time="0"/>
  <testcase name="Then user will be see &quot;Jam&quot; information" classname="| Jam |" time="0"/>
  <testcase name="" classname="| Jam |" time="0.768"/>
</testsuite>