<?xml version="1.0" encoding="UTF-8"?>
<testsuite xmlns:xsi="http://www.w3.org/2001/XMLSchema-instance" xsi:noNamespaceSchemaLocation="https://maven.apache.org/surefire/maven-surefire-plugin/xsd/surefire-test-report-3.0.xsd" version="3.0" name="Scenario: search employee" time="47.73" tests="12" errors="0" skipped="0" failures="0">
  <properties>
[...]
</properties>
  <testcase name="Given User 10 on homepage with authorization using &quot;Admin&quot; as username &amp; &quot;s3Kol4HQA!*&quot; as password" classname="Scenario: add and complete data of employee" time="0.001">
    <system-out><![CDATA[@PIM
Feature: PIM
Called openBrowser
]]></system-out>
    <system-err><![CDATA[Starting ChromeDriver 89.0.4389.23 (61b08ee2c50024bab004e48d2b1b083cdbdac579-refs/branch-heads/4389@{#294}) on port 43585
Only local connections are allowed.
Please see https://chromedriver.chromium.org/security-considerations for suggestions on keeping ChromeDriver safe.
ChromeDriver was started successfully.
[1622226233.475][WARNING]: This version of ChromeDriver has not been tested with Chrome version 90.
May 29, 2021 1:23:53 AM org.openqa.selenium.remote.ProtocolHandshake createSession
INFO: Detected dialect: W3C
]]></system-err>
  </testcase>
  <testcase name="When User 10 click PIM button &amp; click add employee button" classname="Scenario: add and complete data of employee" time="0"/>
  <testcase name="And User input &quot;muhammadsyihabb&quot; as firstName &amp; input &quot;ululululu&quot; as middleName &amp; input &quot;hihihihih&quot; as lastName &amp; input &quot;11112349&quot; as id_Employee &amp; click checkBox" classname="Scenario: add and complete data of employee" time="0"/>
  <testcase name="And input &quot;muhammadsyihabb&quot; as unameEmploy &amp; input &quot;s3Kol4HQA!*&quot; as passEmploy &amp; input &quot;s3Kol4HQA!*&quot; as rePassEmploy &amp; click save btn &amp; click edit btn" classname="Scenario: add and complete data of employee" time="0"/>
  <testcase name="And input &quot;988228225&quot; as SIMNumb &amp; click genderChckBox &amp; select nationality &amp; input &quot;327222102130000&quot; as otherID &amp; input &quot;2024-05-21&quot; as SIMExpDate &amp; select marital status &amp; input &quot;1999-05-21&quot; as BirthDate &amp; click save btn" classname="Scenario: add and complete data of employee" time="0"/>
  <testcase name="Then User succesfully add employee" classname="Scenario: add and complete data of employee" time="0"/>
  <testcase name="" classname="Scenario: add and complete data of employee" time="0.156"/>
  <testcase name="Given User 11 on homepage with authorization using &quot;Admin&quot; as username &amp; &quot;s3Kol4HQA!*&quot; as password" classname="Scenario: search employee" time="0">
    <system-out><![CDATA[Called openBrowser

  @addEmployee
  Scenario: add and complete data of employee                                                                                                                                                                                      &amp#27;[90m# features/PIMPage.feature:5&amp#27;[0m
    &amp#27;[32mGiven &amp#27;[0m&amp#27;[32mUser 10 on homepage with authorization using "&amp#27;[0m&amp#27;[32m&amp#27;[1mAdmin&amp#27;[0m&amp#27;[32m" as username & "&amp#27;[0m&amp#27;[32m&amp#27;[1ms3Kol4HQA!*&amp#27;[0m&amp#27;[32m" as password&amp#27;[0m                                                                                                                             &amp#27;[90m# PIMStep.visitLoginPagee(String,String)&amp#27;[0m
    &amp#27;[32mWhen &amp#27;[0m&amp#27;[32mUser 10 click PIM button & click add employee button&amp#27;[0m                                                                                                                                                                      &amp#27;[90m# PIMStep.goToAddEmployee()&amp#27;[0m
    &amp#27;[32mAnd &amp#27;[0m&amp#27;[32mUser input "&amp#27;[0m&amp#27;[32m&amp#27;[1mmuhammadsyihabb&amp#27;[0m&amp#27;[32m" as firstName & input "&amp#27;[0m&amp#27;[32m&amp#27;[1mululululu&amp#27;[0m&amp#27;[32m" as middleName & input "&amp#27;[0m&amp#27;[32m&amp#27;[1mhihihihih&amp#27;[0m&amp#27;[32m" as lastName & input "&amp#27;[0m&amp#27;[32m&amp#27;[1m11112349&amp#27;[0m&amp#27;[32m" as id_Employee & click checkBox&amp#27;[0m                                                             &amp#27;[90m# PIMStep.inputEmployeeData1(String,String,String,String)&amp#27;[0m
    &amp#27;[32mAnd &amp#27;[0m&amp#27;[32minput "&amp#27;[0m&amp#27;[32m&amp#27;[1mmuhammadsyihabb&amp#27;[0m&amp#27;[32m" as unameEmploy & input "&amp#27;[0m&amp#27;[32m&amp#27;[1ms3Kol4HQA!*&amp#27;[0m&amp#27;[32m" as passEmploy & input "&amp#27;[0m&amp#27;[32m&amp#27;[1ms3Kol4HQA!*&amp#27;[0m&amp#27;[32m" as rePassEmploy & click save btn & click edit btn&amp#27;[0m                                                                         &amp#27;[90m# PIMStep.inputEmployeeData2(String,String,String)&amp#27;[0m
    &amp#27;[32mAnd &amp#27;[0m&amp#27;[32minput "&amp#27;[0m&amp#27;[32m&amp#27;[1m988228225&amp#27;[0m&amp#27;[32m" as SIMNumb & click genderChckBox & select nationality & input "&amp#27;[0m&amp#27;[32m&amp#27;[1m327222102130000&amp#27;[0m&amp#27;[32m" as otherID & input "&amp#27;[0m&amp#27;[32m&amp#27;[1m2024-05-21&amp#27;[0m&amp#27;[32m" as SIMExpDate & select marital status & input "&amp#27;[0m&amp#27;[32m&amp#27;[1m1999-05-21&amp#27;[0m&amp#27;[32m" as BirthDate & click save btn&amp#27;[0m &amp#27;[90m# PIMStep.inputEmployeeData3(String,String,String,String)&amp#27;[0m
    &amp#27;[32mThen &amp#27;[0m&amp#27;[32mUser succesfully add employee&amp#27;[0m                                                                                                                                                                                             &amp#27;[90m# PIMStep.successfulAddEmployee()&amp#27;[0m
]]></system-out>
    <system-err><![CDATA[Starting ChromeDriver 89.0.4389.23 (61b08ee2c50024bab004e48d2b1b083cdbdac579-refs/branch-heads/4389@{#294}) on port 11740
Only local connections are allowed.
Please see https://chromedriver.chromium.org/security-considerations for suggestions on keeping ChromeDriver safe.
ChromeDriver was started successfully.
[1622226260.079][WARNING]: This version of ChromeDriver has not been tested with Chrome version 90.
May 29, 2021 1:24:20 AM org.openqa.selenium.remote.ProtocolHandshake createSession
INFO: Detected dialect: W3C
]]></system-err>
  </testcase>
  <testcase name="When User 11 click PIM button" classname="Scenario: search employee" time="0"/>
  <testcase name="And User input &quot;tingky wingky&quot; as fullName &amp; click search btn" classname="Scenario: search employee" time="0"/>
  <testcase name="Then User get employee on the list" classname="Scenario: search employee" time="0"/>
  <testcase name="" classname="Scenario: search employee" time="0.108"/>
</testsuite>