<?xml version="1.0" encoding="UTF-8"?>
<testsuite xmlns:xsi="http://www.w3.org/2001/XMLSchema-instance" xsi:noNamespaceSchemaLocation="https://maven.apache.org/surefire/maven-surefire-plugin/xsd/surefire-test-report-3.0.xsd" version="3.0" name="Scenario: User  failed to assign leave" time="20.004" tests="4" errors="1" skipped="0" failures="0">
  <properties>
[...]
</properties>
  <testcase name="Given User 6 on homepage with authorization using &quot;Admin&quot; as username &amp; &quot;s3Kol4HQA!*&quot; as password" classname="Scenario: User  failed to assign leave" time="0.001">
    <system-out><![CDATA[@Leave
Feature: User can Assign & search Leave
Called openBrowser
]]></system-out>
    <system-err><![CDATA[Starting ChromeDriver 89.0.4389.23 (61b08ee2c50024bab004e48d2b1b083cdbdac579-refs/branch-heads/4389@{#294}) on port 3962
Only local connections are allowed.
Please see https://chromedriver.chromium.org/security-considerations for suggestions on keeping ChromeDriver safe.
ChromeDriver was started successfully.
[1622217752.598][WARNING]: This version of ChromeDriver has not been tested with Chrome version 90.
May 28, 2021 11:02:32 PM org.openqa.selenium.remote.ProtocolHandshake createSession
INFO: Detected dialect: W3C
]]></system-err>
  </testcase>
  <testcase name="When User 6 click leave button &amp; assign leave button" classname="Scenario: User  failed to assign leave" time="0"/>
  <testcase name="And User input &quot;rere&quot; as xEmployeeNameToLeave &amp; select leave type &amp; input &quot;2021-05-28&quot; as leaveFromDate &amp; select partialDays &amp; input &quot;2021-05-28&quot; as leaveToDate &amp; input &quot;mudik&quot; as commentLeave &amp; click assign button" classname="Scenario: User  failed to assign leave" time="0"/>
  <testcase name="Then User cant assign leave and get error Message bellow employee name" classname="Scenario: User  failed to assign leave" time="0.007">
    <error message="no such element: Unable to locate element: {&quot;method&quot;:&quot;css selector&quot;,&quot;selector&quot;:&quot;[for=&apos;assignleave_txtEmployee_empName&apos;]&quot;}&#10;  (Session info: chrome=90.0.4430.212)&#10;For documentation on this error, please visit: https://www.seleniumhq.org/exceptions/no_such_element.html&#10;Build info: version: &apos;3.141.59&apos;, revision: &apos;e82be7d358&apos;, time: &apos;2018-11-14T08:17:03&apos;&#10;System info: host: &apos;Muhammads-MacBook-Pro.local&apos;, ip: &apos;fe80:0:0:0:c54:a3d6:c376:64ca%en0&apos;, os.name: &apos;Mac OS X&apos;, os.arch: &apos;x86_64&apos;, os.version: &apos;10.16&apos;, java.version: &apos;15.0.2&apos;&#10;Driver info: org.openqa.selenium.chrome.ChromeDriver&#10;Capabilities {acceptInsecureCerts: false, browserName: chrome, browserVersion: 90.0.4430.212, chrome: {chromedriverVersion: 89.0.4389.23 (61b08ee2c5002..., userDataDir: /var/folders/g_/94h63hbj2mv...}, goog:chromeOptions: {debuggerAddress: localhost:54073}, javascriptEnabled: true, networkConnectionEnabled: false, pageLoadStrategy: normal, platform: MAC, platformName: MAC, proxy: Proxy(), setWindowRect: true, strictFileInteractability: false, timeouts: {implicit: 0, pageLoad: 300000, script: 30000}, unhandledPromptBehavior: dismiss and notify, webauthn:extension:largeBlob: true, webauthn:virtualAuthenticators: true}&#10;Session ID: 9ba0e6d8db2f751cde67ab2c599c09b6&#10;*** Element info: {Using=css selector, value=[for=&apos;assignleave_txtEmployee_empName&apos;]}" type="org.openqa.selenium.NoSuchElementException"><![CDATA[org.openqa.selenium.NoSuchElementException: 
no such element: Unable to locate element: {"method":"css selector","selector":"[for='assignleave_txtEmployee_empName']"}
  (Session info: chrome=90.0.4430.212)
For documentation on this error, please visit: https://www.seleniumhq.org/exceptions/no_such_element.html
Build info: version: '3.141.59', revision: 'e82be7d358', time: '2018-11-14T08:17:03'
System info: host: 'Muhammads-MacBook-Pro.local', ip: 'fe80:0:0:0:c54:a3d6:c376:64ca%en0', os.name: 'Mac OS X', os.arch: 'x86_64', os.version: '10.16', java.version: '15.0.2'
Driver info: org.openqa.selenium.chrome.ChromeDriver
Capabilities {acceptInsecureCerts: false, browserName: chrome, browserVersion: 90.0.4430.212, chrome: {chromedriverVersion: 89.0.4389.23 (61b08ee2c5002..., userDataDir: /var/folders/g_/94h63hbj2mv...}, goog:chromeOptions: {debuggerAddress: localhost:54073}, javascriptEnabled: true, networkConnectionEnabled: false, pageLoadStrategy: normal, platform: MAC, platformName: MAC, proxy: Proxy(), setWindowRect: true, strictFileInteractability: false, timeouts: {implicit: 0, pageLoad: 300000, script: 30000}, unhandledPromptBehavior: dismiss and notify, webauthn:extension:largeBlob: true, webauthn:virtualAuthenticators: true}
Session ID: 9ba0e6d8db2f751cde67ab2c599c09b6
*** Element info: {Using=css selector, value=[for='assignleave_txtEmployee_empName']}
]]></error>
  </testcase>
</testsuite>