<?xml version="1.0" encoding="UTF-8"?>
<testsuite xmlns:xsi="http://www.w3.org/2001/XMLSchema-instance" xsi:noNamespaceSchemaLocation="https://maven.apache.org/surefire/maven-surefire-plugin/xsd/surefire-test-report-3.0.xsd" version="3.0" name="Scenario: User successfully punch in &amp; punch out" time="32.552" tests="7" errors="0" skipped="0" failures="0">
  <properties>
[...]
</properties>
  <testcase name="Given User 9 on homepage with authorization using &quot;Admin&quot; as username &amp; &quot;s3Kol4HQA!*&quot; as password" classname="Scenario: User successfully punch in &amp; punch out" time="0.001">
    <system-out><![CDATA[@Time
Feature: user
Called openBrowser
]]></system-out>
    <system-err><![CDATA[Starting ChromeDriver 89.0.4389.23 (61b08ee2c50024bab004e48d2b1b083cdbdac579-refs/branch-heads/4389@{#294}) on port 15819
Only local connections are allowed.
Please see https://chromedriver.chromium.org/security-considerations for suggestions on keeping ChromeDriver safe.
ChromeDriver was started successfully.
[1622227532.901][WARNING]: This version of ChromeDriver has not been tested with Chrome version 90.
May 29, 2021 1:45:32 AM org.openqa.selenium.remote.ProtocolHandshake createSession
INFO: Detected dialect: W3C
]]></system-err>
  </testcase>
  <testcase name="When User 9 click time button &amp; click attendance button &amp; click punch in button" classname="Scenario: User successfully punch in &amp; punch out" time="0"/>
  <testcase name="And User input &quot;on time&quot; as punchInNote &amp; click punch in button" classname="Scenario: User successfully punch in &amp; punch out" time="0.001"/>
  <testcase name="Then User succesfully punch in" classname="Scenario: User successfully punch in &amp; punch out" time="0"/>
  <testcase name="Then User input &quot;return&quot; as punchOutNote &amp; click punch out button" classname="Scenario: User successfully punch in &amp; punch out" time="0"/>
  <testcase name="Then User succesfully punch out" classname="Scenario: User successfully punch in &amp; punch out" time="0"/>
  <testcase name="" classname="Scenario: User successfully punch in &amp; punch out" time="0.114"/>
</testsuite>