<?xml version="1.0" encoding="UTF-8"?>
<testsuite xmlns:xsi="http://www.w3.org/2001/XMLSchema-instance" xsi:noNamespaceSchemaLocation="https://maven.apache.org/surefire/maven-surefire-plugin/xsd/surefire-test-report-3.0.xsd" version="3.0" name="Scenario: User successfully log in" time="18.224" tests="10" errors="0" skipped="0" failures="0">
  <properties>
[...]
</properties>
  <testcase name="Given User on the login page" classname="Scenario: User unsuccessfully log in" time="0">
    <system-out><![CDATA[@Login
Feature: Login
Called openBrowser
]]></system-out>
    <system-err><![CDATA[Starting ChromeDriver 89.0.4389.23 (61b08ee2c50024bab004e48d2b1b083cdbdac579-refs/branch-heads/4389@{#294}) on port 48540
Only local connections are allowed.
Please see https://chromedriver.chromium.org/security-considerations for suggestions on keeping ChromeDriver safe.
ChromeDriver was started successfully.
[1622223727.557][WARNING]: This version of ChromeDriver has not been tested with Chrome version 90.
May 29, 2021 12:42:07 AM org.openqa.selenium.remote.ProtocolHandshake createSession
INFO: Detected dialect: W3C
]]></system-err>
  </testcase>
  <testcase name="When User input authorization using &quot;Admin1&quot; as Xusername &amp; &quot;s3wol4HQA!*&quot; as Xpassword" classname="Scenario: User unsuccessfully log in" time="0"/>
  <testcase name="And User click on the LogIn button" classname="Scenario: User unsuccessfully log in" time="0"/>
  <testcase name="Then User unsuccesfully log in and get &quot;Invalid credential&quot; as errormessage on screen" classname="Scenario: User unsuccessfully log in" time="0.001"/>
  <testcase name="" classname="Scenario: User unsuccessfully log in" time="0.149"/>
  <testcase name="Given User on OrangeHRM login page" classname="Scenario: User successfully log in" time="0">
    <system-out><![CDATA[Called openBrowser

  @negativeLogin
  Scenario: User unsuccessfully log in                                                     &amp#27;[90m# features/Login.feature:5&amp#27;[0m
    &amp#27;[32mGiven &amp#27;[0m&amp#27;[32mUser on the login page&amp#27;[0m                                                           &amp#27;[90m# LoginStep.xVisitLoginPage()&amp#27;[0m
    &amp#27;[32mWhen &amp#27;[0m&amp#27;[32mUser input authorization using "&amp#27;[0m&amp#27;[32m&amp#27;[1mAdmin1&amp#27;[0m&amp#27;[32m" as Xusername & "&amp#27;[0m&amp#27;[32m&amp#27;[1ms3wol4HQA!*&amp#27;[0m&amp#27;[32m" as Xpassword&amp#27;[0m &amp#27;[90m# LoginStep.inputXCredential(String,String)&amp#27;[0m
    &amp#27;[32mAnd &amp#27;[0m&amp#27;[32mUser click on the LogIn button&amp#27;[0m                                                     &amp#27;[90m# LoginStep.xLoginButtonClick()&amp#27;[0m
    &amp#27;[32mThen &amp#27;[0m&amp#27;[32mUser unsuccesfully log in and get "Invalid credential" as errormessage on screen&amp#27;[0m  &amp#27;[90m# LoginStep.UnsuccessfulLogIn()&amp#27;[0m
]]></system-out>
    <system-err><![CDATA[Starting ChromeDriver 89.0.4389.23 (61b08ee2c50024bab004e48d2b1b083cdbdac579-refs/branch-heads/4389@{#294}) on port 15223
Only local connections are allowed.
Please see https://chromedriver.chromium.org/security-considerations for suggestions on keeping ChromeDriver safe.
ChromeDriver was started successfully.
[1622223733.398][WARNING]: This version of ChromeDriver has not been tested with Chrome version 90.
May 29, 2021 12:42:13 AM org.openqa.selenium.remote.ProtocolHandshake createSession
INFO: Detected dialect: W3C
]]></system-err>
  </testcase>
  <testcase name="When User input authorization using &quot;Admin&quot; as username &amp; &quot;s3Kol4HQA!*&quot; as password" classname="Scenario: User successfully log in" time="0"/>
  <testcase name="And User click Log in button" classname="Scenario: User successfully log in" time="0"/>
  <testcase name="Then User succesfully log in and goes to home page of OrangeHRM" classname="Scenario: User successfully log in" time="0"/>
  <testcase name="" classname="Scenario: User successfully log in" time="0.102"/>
</testsuite>