<?xml version="1.0" encoding="UTF-8"?>
<testsuite xmlns:xsi="http://www.w3.org/2001/XMLSchema-instance" xsi:noNamespaceSchemaLocation="https://maven.apache.org/surefire/maven-surefire-plugin/xsd/surefire-test-report-3.0.xsd" version="3.0" name="Scenario: Adding new user data and verify data exist" time="54.117" tests="5" errors="0" skipped="0" failures="0">
  <properties>
[...]
</properties>
  <testcase name="Given 1User on homepage with authorization using &quot;Admin&quot; as username &amp; &quot;s3Kol4HQA!*&quot; as password" classname="Scenario: Adding new user data and verify data exist" time="0.001">
    <system-out><![CDATA[@AdminField
Feature: Search add and delete data on Admin Page
Called openBrowser
]]></system-out>
    <system-err><![CDATA[Starting ChromeDriver 90.0.4430.24 (4c6d850f087da467d926e8eddb76550aed655991-refs/branch-heads/4430@{#429}) on port 9104
Only local connections are allowed.
Please see https://chromedriver.chromium.org/security-considerations for suggestions on keeping ChromeDriver safe.
ChromeDriver was started successfully.
May 24, 2021 4:04:53 PM org.openqa.selenium.remote.ProtocolHandshake createSession
INFO: Detected dialect: W3C
]]></system-err>
  </testcase>
  <testcase name="When 2User click Admin button and click add button to go to add user page" classname="Scenario: Adding new user data and verify data exist" time="0"/>
  <testcase name="And User select Admin as role &amp; input &quot;rere rere caesaria&quot; as employeeUserName &amp; input &quot;TinyWiniBity&quot; as userName &amp; input &quot;s3Kol4HQA!*&quot; as userPassword &amp; input &quot;s3Kol4HQA!*&quot; as userRePass &amp; click save button" classname="Scenario: Adding new user data and verify data exist" time="0.001"/>
  <testcase name="Then User succesfully add new user data" classname="Scenario: Adding new user data and verify data exist" time="0"/>
  <testcase name="" classname="Scenario: Adding new user data and verify data exist" time="1.091"/>
</testsuite>