<?xml version="1.0" encoding="UTF-8"?>
<testsuite xmlns:xsi="http://www.w3.org/2001/XMLSchema-instance" xsi:noNamespaceSchemaLocation="https://maven.apache.org/surefire/maven-surefire-plugin/xsd/surefire-test-report-3.0.xsd" version="3.0" name="Scenario: User delete OAuth client data" time="151.612" tests="25" errors="0" skipped="0" failures="0">
  <properties>
[...]
</properties>
  <testcase name="Given User 1 on homepage with authorization using &quot;Admin&quot; as username &amp; &quot;s3Kol4HQA!*&quot; as password" classname="Scenario: Add new user data" time="0.002">
    <system-out><![CDATA[@Admin
Feature: Search add and delete data on Admin Page
Called openBrowser
]]></system-out>
    <system-err><![CDATA[Starting ChromeDriver 90.0.4430.24 (4c6d850f087da467d926e8eddb76550aed655991-refs/branch-heads/4430@{#429}) on port 17033
Only local connections are allowed.
Please see https://chromedriver.chromium.org/security-considerations for suggestions on keeping ChromeDriver safe.
ChromeDriver was started successfully.
May 28, 2021 6:31:47 PM org.openqa.selenium.remote.ProtocolHandshake createSession
INFO: Detected dialect: W3C
]]></system-err>
  </testcase>
  <testcase name="When User 1 click Admin button and click add button to go to add user page" classname="Scenario: Add new user data" time="0.001"/>
  <testcase name="And User select Admin as role &amp; input &quot;kim jong un&quot; as employeeUserName &amp; input &quot;TinyWiniBity&quot; as userName &amp; input &quot;s3Kol4HQA!*&quot; as userPassword &amp; input &quot;s3Kol4HQA!*&quot; as userRePass &amp; click save button" classname="Scenario: Add new user data" time="0.001"/>
  <testcase name="Then User succesfully add new user data" classname="Scenario: Add new user data" time="0">
    <system-out><![CDATA[Username Already Exist
]]></system-out>
  </testcase>
  <testcase name="" classname="Scenario: Add new user data" time="0.754"/>
  <testcase name="Given User 2 on homepage with authorization using &quot;Admin&quot; as username &amp; &quot;s3Kol4HQA!*&quot; as password" classname="Scenario: User verify user data entered exist" time="0">
    <system-out><![CDATA[Called openBrowser

  @AddData
  Scenario: Add new user data                                                                                                                                                                                &amp#27;[90m# features/adminPage.feature:6&amp#27;[0m
    &amp#27;[32mGiven &amp#27;[0m&amp#27;[32mUser 1 on homepage with authorization using "&amp#27;[0m&amp#27;[32m&amp#27;[1mAdmin&amp#27;[0m&amp#27;[32m" as username & "&amp#27;[0m&amp#27;[32m&amp#27;[1ms3Kol4HQA!*&amp#27;[0m&amp#27;[32m" as password&amp#27;[0m                                                                                                        &amp#27;[90m# AdminStep.VisitLoginPage2(String,String)&amp#27;[0m
    &amp#27;[32mWhen &amp#27;[0m&amp#27;[32mUser 1 click Admin button and click add button to go to add user page&amp#27;[0m                                                                                                                               &amp#27;[90m# AdminStep.goToAdminPageToAddUser()&amp#27;[0m
    &amp#27;[32mAnd &amp#27;[0m&amp#27;[32mUser select Admin as role & input "&amp#27;[0m&amp#27;[32m&amp#27;[1mkim jong un&amp#27;[0m&amp#27;[32m" as employeeUserName & input "&amp#27;[0m&amp#27;[32m&amp#27;[1mTinyWiniBity&amp#27;[0m&amp#27;[32m" as userName & input "&amp#27;[0m&amp#27;[32m&amp#27;[1ms3Kol4HQA!*&amp#27;[0m&amp#27;[32m" as userPassword & input "&amp#27;[0m&amp#27;[32m&amp#27;[1ms3Kol4HQA!*&amp#27;[0m&amp#27;[32m" as userRePass & click save button&amp#27;[0m &amp#27;[90m# AdminStep.inputCredentialToAddUser(String,String,String,String)&amp#27;[0m
    &amp#27;[32mThen &amp#27;[0m&amp#27;[32mUser succesfully add new user data&amp#27;[0m                                                                                                                                                                  &amp#27;[90m# AdminStep.userSuccessfullAddNewUser()&amp#27;[0m
]]></system-out>
    <system-err><![CDATA[Starting ChromeDriver 90.0.4430.24 (4c6d850f087da467d926e8eddb76550aed655991-refs/branch-heads/4430@{#429}) on port 44134
Only local connections are allowed.
Please see https://chromedriver.chromium.org/security-considerations for suggestions on keeping ChromeDriver safe.
ChromeDriver was started successfully.
May 28, 2021 6:32:34 PM org.openqa.selenium.remote.ProtocolHandshake createSession
INFO: Detected dialect: W3C
]]></system-err>
  </testcase>
  <testcase name="When User 2 click Admin button" classname="Scenario: User verify user data entered exist" time="0"/>
  <testcase name="And User input &quot;TinyWiniBity&quot; as userName &amp; click search button" classname="Scenario: User verify user data entered exist" time="0"/>
  <testcase name="Then User get user data on the list" classname="Scenario: User verify user data entered exist" time="0">
    <system-out><![CDATA[successfully get data
]]></system-out>
  </testcase>
  <testcase name="" classname="Scenario: User verify user data entered exist" time="0.785"/>
  <testcase name="Given User 3 on homepage with authorization using &quot;Admin&quot; as username &amp; &quot;s3Kol4HQA!*&quot; as password" classname="Scenario: User looking for random data" time="0">
    <system-out><![CDATA[Called openBrowser

  @SearchData
  Scenario: User verify user data entered exist                                                       &amp#27;[90m# features/adminPage.feature:13&amp#27;[0m
    &amp#27;[32mGiven &amp#27;[0m&amp#27;[32mUser 2 on homepage with authorization using "&amp#27;[0m&amp#27;[32m&amp#27;[1mAdmin&amp#27;[0m&amp#27;[32m" as username & "&amp#27;[0m&amp#27;[32m&amp#27;[1ms3Kol4HQA!*&amp#27;[0m&amp#27;[32m" as password&amp#27;[0m &amp#27;[90m# AdminStep.VisitLoginPage3(String,String)&amp#27;[0m
    &amp#27;[32mWhen &amp#27;[0m&amp#27;[32mUser 2 click Admin button&amp#27;[0m                                                                    &amp#27;[90m# AdminStep.goToAdminPageSearchToUser()&amp#27;[0m
    &amp#27;[32mAnd &amp#27;[0m&amp#27;[32mUser input "&amp#27;[0m&amp#27;[32m&amp#27;[1mTinyWiniBity&amp#27;[0m&amp#27;[32m" as userName & click search button&amp#27;[0m                                   &amp#27;[90m# AdminStep.inputCredentialToSearchUser(String)&amp#27;[0m
    &amp#27;[32mThen &amp#27;[0m&amp#27;[32mUser get user data on the list&amp#27;[0m                                                               &amp#27;[90m# AdminStep.GetUser()&amp#27;[0m
]]></system-out>
    <system-err><![CDATA[Starting ChromeDriver 90.0.4430.24 (4c6d850f087da467d926e8eddb76550aed655991-refs/branch-heads/4430@{#429}) on port 19311
Only local connections are allowed.
Please see https://chromedriver.chromium.org/security-considerations for suggestions on keeping ChromeDriver safe.
ChromeDriver was started successfully.
May 28, 2021 6:32:54 PM org.openqa.selenium.remote.ProtocolHandshake createSession
INFO: Detected dialect: W3C
]]></system-err>
  </testcase>
  <testcase name="When Users 3 click Admin button" classname="Scenario: User looking for random data" time="0"/>
  <testcase name="And User input &quot;rere&quot; as xUserNamee &amp; click search button" classname="Scenario: User looking for random data" time="0.001"/>
  <testcase name="Then User get notFoundMessage on the list" classname="Scenario: User looking for random data" time="0"/>
  <testcase name="" classname="Scenario: User looking for random data" time="0.798"/>
  <testcase name="Given User 4 on homepage with authorization using &quot;Admin&quot; as username &amp; &quot;s3Kol4HQA!*&quot; as password" classname="Scenario: User register OAuth client" time="0">
    <system-out><![CDATA[Called openBrowser

  @SearchRandomData
  Scenario: User looking for random data                                                              &amp#27;[90m# features/adminPage.feature:20&amp#27;[0m
    &amp#27;[32mGiven &amp#27;[0m&amp#27;[32mUser 3 on homepage with authorization using "&amp#27;[0m&amp#27;[32m&amp#27;[1mAdmin&amp#27;[0m&amp#27;[32m" as username & "&amp#27;[0m&amp#27;[32m&amp#27;[1ms3Kol4HQA!*&amp#27;[0m&amp#27;[32m" as password&amp#27;[0m &amp#27;[90m# AdminStep.VisitLoginPage4(String,String)&amp#27;[0m
    &amp#27;[32mWhen &amp#27;[0m&amp#27;[32mUsers 3 click Admin button&amp#27;[0m                                                                   &amp#27;[90m# AdminStep.goToAdminPageSearchToXUser()&amp#27;[0m
    &amp#27;[32mAnd &amp#27;[0m&amp#27;[32mUser input "&amp#27;[0m&amp#27;[32m&amp#27;[1mrere&amp#27;[0m&amp#27;[32m" as xUserNamee & click search button&amp#27;[0m                                         &amp#27;[90m# AdminStep.inputCredentialToSearchXUser(String)&amp#27;[0m
    &amp#27;[32mThen &amp#27;[0m&amp#27;[32mUser get notFoundMessage on the list&amp#27;[0m                                                         &amp#27;[90m# AdminStep.xGetUser()&amp#27;[0m
]]></system-out>
    <system-err><![CDATA[Starting ChromeDriver 90.0.4430.24 (4c6d850f087da467d926e8eddb76550aed655991-refs/branch-heads/4430@{#429}) on port 31140
Only local connections are allowed.
Please see https://chromedriver.chromium.org/security-considerations for suggestions on keeping ChromeDriver safe.
ChromeDriver was started successfully.
May 28, 2021 6:33:16 PM org.openqa.selenium.remote.ProtocolHandshake createSession
INFO: Detected dialect: W3C
]]></system-err>
  </testcase>
  <testcase name="When User 4 click Admin button &amp; click configuration button &amp; click register OAuth client button" classname="Scenario: User register OAuth client" time="0"/>
  <testcase name="And User input &quot;rere&quot; as oAuthId &amp; input &quot;123&quot; as oAuthSecret &amp; input &quot;[ https://orangehrm.github.io/orangehrm-api-doc ].&quot; as oAuthUrl &amp; click button save" classname="Scenario: User register OAuth client" time="0"/>
  <testcase name="Then User successfully register OAuth client" classname="Scenario: User register OAuth client" time="0"/>
  <testcase name="" classname="Scenario: User register OAuth client" time="0.726"/>
  <testcase name="Given User 5 on homepage with authorization using &quot;Admin&quot; as username &amp; &quot;s3Kol4HQA!*&quot; as password" classname="Scenario: User delete OAuth client data" time="0">
    <system-out><![CDATA[Called openBrowser

  @regOAuthClient
  Scenario: User register OAuth client                                                                                                                         &amp#27;[90m# features/adminPage.feature:28&amp#27;[0m
    &amp#27;[32mGiven &amp#27;[0m&amp#27;[32mUser 4 on homepage with authorization using "&amp#27;[0m&amp#27;[32m&amp#27;[1mAdmin&amp#27;[0m&amp#27;[32m" as username & "&amp#27;[0m&amp#27;[32m&amp#27;[1ms3Kol4HQA!*&amp#27;[0m&amp#27;[32m" as password&amp#27;[0m                                                          &amp#27;[90m# AdminStep.VisitLoginPage5(String,String)&amp#27;[0m
    &amp#27;[32mWhen &amp#27;[0m&amp#27;[32mUser 4 click Admin button & click configuration button & click register OAuth client button&amp#27;[0m                                                           &amp#27;[90m# AdminStep.userGoToRegOAuthClient()&amp#27;[0m
    &amp#27;[32mAnd &amp#27;[0m&amp#27;[32mUser input "&amp#27;[0m&amp#27;[32m&amp#27;[1mrere&amp#27;[0m&amp#27;[32m" as oAuthId & input "&amp#27;[0m&amp#27;[32m&amp#27;[1m123&amp#27;[0m&amp#27;[32m" as oAuthSecret & input "&amp#27;[0m&amp#27;[32m&amp#27;[1m[ https://orangehrm.github.io/orangehrm-api-doc ].&amp#27;[0m&amp#27;[32m" as oAuthUrl & click button save&amp#27;[0m &amp#27;[90m# AdminStep.inputCredentialToRegOAuthClient(String,String,String)&amp#27;[0m
    &amp#27;[32mThen &amp#27;[0m&amp#27;[32mUser successfully register OAuth client&amp#27;[0m                                                                                                               &amp#27;[90m# AdminStep.successfullyRegisterOAuthClient()&amp#27;[0m
]]></system-out>
    <system-err><![CDATA[Starting ChromeDriver 90.0.4430.24 (4c6d850f087da467d926e8eddb76550aed655991-refs/branch-heads/4430@{#429}) on port 17570
Only local connections are allowed.
Please see https://chromedriver.chromium.org/security-considerations for suggestions on keeping ChromeDriver safe.
ChromeDriver was started successfully.
May 28, 2021 6:33:41 PM org.openqa.selenium.remote.ProtocolHandshake createSession
INFO: Detected dialect: W3C
]]></system-err>
  </testcase>
  <testcase name="When User 5 click Admin button &amp; click configuration button &amp; click register OAuth client button" classname="Scenario: User delete OAuth client data" time="0.001"/>
  <testcase name="And User click one of data to be delete &amp; click ok button" classname="Scenario: User delete OAuth client data" time="0"/>
  <testcase name="Then User successfully delete OAuth client data" classname="Scenario: User delete OAuth client data" time="0"/>
  <testcase name="" classname="Scenario: User delete OAuth client data" time="0.811"/>
</testsuite>