<?xml version="1.0" encoding="UTF-8"?>
<testsuite xmlns:xsi="http://www.w3.org/2001/XMLSchema-instance" xsi:noNamespaceSchemaLocation="https://maven.apache.org/surefire/maven-surefire-plugin/xsd/surefire-test-report-3.0.xsd" version="3.0" name="Scenario: User search leave on the list" time="112.62" tests="16" errors="0" skipped="0" failures="0">
  <properties>
[...]
</properties>
  <testcase name="Given User 6 on homepage with authorization using &quot;Admin&quot; as username &amp; &quot;s3Kol4HQA!*&quot; as password" classname="Scenario: User  failed to assign leave" time="0">
    <system-out><![CDATA[@Leave
Feature: User can Assign & search Leave
Called openBrowser
]]></system-out>
    <system-err><![CDATA[Starting ChromeDriver 89.0.4389.23 (61b08ee2c50024bab004e48d2b1b083cdbdac579-refs/branch-heads/4389@{#294}) on port 8806
Only local connections are allowed.
Please see https://chromedriver.chromium.org/security-considerations for suggestions on keeping ChromeDriver safe.
ChromeDriver was started successfully.
[1622227293.464][WARNING]: This version of ChromeDriver has not been tested with Chrome version 90.
May 29, 2021 1:41:33 AM org.openqa.selenium.remote.ProtocolHandshake createSession
INFO: Detected dialect: W3C
]]></system-err>
  </testcase>
  <testcase name="When User 6 click leave button &amp; assign leave button" classname="Scenario: User  failed to assign leave" time="0"/>
  <testcase name="And User input &quot;asal&quot; as xEmployeeNameToLeave &amp; select leave type &amp; input &quot;2021-05-28&quot; as leaveFromDate &amp; select partialDays &amp; input &quot;2021-05-28&quot; as leaveToDate &amp; input &quot;mudik&quot; as commentLeave &amp; click assign button" classname="Scenario: User  failed to assign leave" time="0"/>
  <testcase name="Then User cant assign leave and get error Message bellow employee name" classname="Scenario: User  failed to assign leave" time="0"/>
  <testcase name="" classname="Scenario: User  failed to assign leave" time="0.16"/>
  <testcase name="Given User 7 on homepage with authorization using &quot;Admin&quot; as username &amp; &quot;s3Kol4HQA!*&quot; as password" classname="Scenario: User successfully assign leave" time="0">
    <system-out><![CDATA[Called openBrowser

  @assignLeave @negativeLeave
  Scenario: User  failed to assign leave                                                                                                                                                                                   &amp#27;[90m# features/leavePage.feature:5&amp#27;[0m
    &amp#27;[32mGiven &amp#27;[0m&amp#27;[32mUser 6 on homepage with authorization using "&amp#27;[0m&amp#27;[32m&amp#27;[1mAdmin&amp#27;[0m&amp#27;[32m" as username & "&amp#27;[0m&amp#27;[32m&amp#27;[1ms3Kol4HQA!*&amp#27;[0m&amp#27;[32m" as password&amp#27;[0m                                                                                                                      &amp#27;[90m# leaveStep.VisitLoginPage4(String,String)&amp#27;[0m
    &amp#27;[32mWhen &amp#27;[0m&amp#27;[32mUser 6 click leave button & assign leave button&amp#27;[0m                                                                                                                                                                   &amp#27;[90m# leaveStep.goToAssignLeave1()&amp#27;[0m
    &amp#27;[32mAnd &amp#27;[0m&amp#27;[32mUser input "&amp#27;[0m&amp#27;[32m&amp#27;[1masal&amp#27;[0m&amp#27;[32m" as xEmployeeNameToLeave & select leave type & input "&amp#27;[0m&amp#27;[32m&amp#27;[1m2021-05-28&amp#27;[0m&amp#27;[32m" as leaveFromDate & select partialDays & input "&amp#27;[0m&amp#27;[32m&amp#27;[1m2021-05-28&amp#27;[0m&amp#27;[32m" as leaveToDate & input "&amp#27;[0m&amp#27;[32m&amp#27;[1mmudik&amp#27;[0m&amp#27;[32m" as commentLeave & click assign button&amp#27;[0m &amp#27;[90m# leaveStep.inputFailedAssign(String,String,String,String)&amp#27;[0m
    &amp#27;[32mThen &amp#27;[0m&amp#27;[32mUser cant assign leave and get error Message bellow employee name&amp#27;[0m                                                                                                                                                 &amp#27;[90m# leaveStep.UnsuccessfulAssignLeave()&amp#27;[0m
]]></system-out>
    <system-err><![CDATA[Starting ChromeDriver 89.0.4389.23 (61b08ee2c50024bab004e48d2b1b083cdbdac579-refs/branch-heads/4389@{#294}) on port 37498
Only local connections are allowed.
Please see https://chromedriver.chromium.org/security-considerations for suggestions on keeping ChromeDriver safe.
ChromeDriver was started successfully.
[1622227318.592][WARNING]: This version of ChromeDriver has not been tested with Chrome version 90.
May 29, 2021 1:41:58 AM org.openqa.selenium.remote.ProtocolHandshake createSession
INFO: Detected dialect: W3C
]]></system-err>
  </testcase>
  <testcase name="When User 7 click leave button &amp; assign leave button" classname="Scenario: User successfully assign leave" time="0"/>
  <testcase name="And User input &quot;troy broe alssstor&quot; as employeeNameToLeave &amp; select leave type &amp; input &quot;2021-05-12&quot; as leaveFromDate &amp; input &quot;2021-05-12&quot; as leaveToDate &amp; select partial days" classname="Scenario: User successfully assign leave" time="0"/>
  <testcase name="And User User select duration days &amp; select time from &amp; select time to &amp; input &quot;bosen&quot; as commentLeave &amp; click assign button" classname="Scenario: User successfully assign leave" time="0"/>
  <testcase name="Then User successfully assign leave" classname="Scenario: User successfully assign leave" time="0"/>
  <testcase name="" classname="Scenario: User successfully assign leave" time="0.121"/>
  <testcase name="Given User 8 on homepage with authorization using &quot;Admin&quot; as username &amp; &quot;s3Kol4HQA!*&quot; as password" classname="Scenario: User search leave on the list" time="0">
    <system-out><![CDATA[Called openBrowser

  @assignLeave @positiveLeave
  Scenario: User successfully assign leave                                                                                                                                         &amp#27;[90m# features/leavePage.feature:12&amp#27;[0m
    &amp#27;[32mGiven &amp#27;[0m&amp#27;[32mUser 7 on homepage with authorization using "&amp#27;[0m&amp#27;[32m&amp#27;[1mAdmin&amp#27;[0m&amp#27;[32m" as username & "&amp#27;[0m&amp#27;[32m&amp#27;[1ms3Kol4HQA!*&amp#27;[0m&amp#27;[32m" as password&amp#27;[0m                                                                              &amp#27;[90m# leaveStep.VisitLoginPage5(String,String)&amp#27;[0m
    &amp#27;[32mWhen &amp#27;[0m&amp#27;[32mUser 7 click leave button & assign leave button&amp#27;[0m                                                                                                                           &amp#27;[90m# leaveStep.goToAssignLeave2()&amp#27;[0m
    &amp#27;[32mAnd &amp#27;[0m&amp#27;[32mUser input "&amp#27;[0m&amp#27;[32m&amp#27;[1mtroy broe alssstor&amp#27;[0m&amp#27;[32m" as employeeNameToLeave & select leave type & input "&amp#27;[0m&amp#27;[32m&amp#27;[1m2021-05-12&amp#27;[0m&amp#27;[32m" as leaveFromDate & input "&amp#27;[0m&amp#27;[32m&amp#27;[1m2021-05-12&amp#27;[0m&amp#27;[32m" as leaveToDate & select partial days&amp#27;[0m &amp#27;[90m# leaveStep.inputAssignLeave(String,String,String)&amp#27;[0m
    &amp#27;[32mAnd &amp#27;[0m&amp#27;[32mUser User select duration days & select time from & select time to & input "&amp#27;[0m&amp#27;[32m&amp#27;[1mbosen&amp#27;[0m&amp#27;[32m" as commentLeave & click assign button&amp#27;[0m                                                   &amp#27;[90m# leaveStep.InputAssignLeaveSpecified(String)&amp#27;[0m
    &amp#27;[32mThen &amp#27;[0m&amp#27;[32mUser successfully assign leave&amp#27;[0m                                                                                                                                            &amp#27;[90m# leaveStep.successfulAssignLeave()&amp#27;[0m
]]></system-out>
    <system-err><![CDATA[Starting ChromeDriver 89.0.4389.23 (61b08ee2c50024bab004e48d2b1b083cdbdac579-refs/branch-heads/4389@{#294}) on port 37467
Only local connections are allowed.
Please see https://chromedriver.chromium.org/security-considerations for suggestions on keeping ChromeDriver safe.
ChromeDriver was started successfully.
[1622227361.069][WARNING]: This version of ChromeDriver has not been tested with Chrome version 90.
May 29, 2021 1:42:41 AM org.openqa.selenium.remote.ProtocolHandshake createSession
INFO: Detected dialect: W3C
]]></system-err>
  </testcase>
  <testcase name="When User 8 click leave button" classname="Scenario: User search leave on the list" time="0"/>
  <testcase name="And User click check all status leave &amp; input &quot;ting wing dip&quot; as fullNameLeave &amp; click search button" classname="Scenario: User search leave on the list" time="0"/>
  <testcase name="Then User get the result on leave list" classname="Scenario: User search leave on the list" time="0">
    <system-out><![CDATA[successfully get data
]]></system-out>
  </testcase>
  <testcase name="" classname="Scenario: User search leave on the list" time="0.115"/>
</testsuite>